Apr 26 08:35:18 Installed: wget-1.14-18.el7.x86_64
Apr 26 08:42:51 Installed: mpfr-3.1.1-4.el7.x86_64
Apr 26 08:42:51 Installed: libmpc-1.0.1-3.el7.x86_64
Apr 26 08:42:51 Installed: libquadmath-4.8.5-36.el7_6.1.x86_64
Apr 26 08:42:51 Installed: m4-1.4.16-10.el7.x86_64
Apr 26 08:42:51 Installed: apr-1.4.8-3.el7_4.1.x86_64
Apr 26 08:42:51 Installed: apr-util-1.5.2-6.el7.x86_64
Apr 26 08:42:51 Installed: zip-3.0-11.el7.x86_64
Apr 26 08:42:51 Installed: patch-2.7.1-10.el7_5.x86_64
Apr 26 08:42:51 Installed: boost-system-1.53.0-27.el7.x86_64
Apr 26 08:42:51 Installed: unzip-6.0-19.el7.x86_64
Apr 26 08:42:51 Installed: boost-thread-1.53.0-27.el7.x86_64
Apr 26 08:42:51 Installed: libgfortran-4.8.5-36.el7_6.1.x86_64
Apr 26 08:42:52 Installed: cpp-4.8.5-36.el7_6.1.x86_64
Apr 26 08:42:52 Installed: 1:perl-parent-0.225-244.el7.noarch
Apr 26 08:42:52 Installed: perl-HTTP-Tiny-0.033-3.el7.noarch
Apr 26 08:42:52 Installed: perl-podlators-2.5.1-3.el7.noarch
Apr 26 08:42:53 Installed: perl-Pod-Perldoc-3.20-4.el7.noarch
Apr 26 08:42:53 Installed: 1:perl-Pod-Escapes-1.04-294.el7_6.noarch
Apr 26 08:42:53 Installed: perl-Text-ParseWords-3.29-4.el7.noarch
Apr 26 08:42:53 Installed: perl-Encode-2.51-7.el7.x86_64
Apr 26 08:42:53 Installed: perl-Pod-Usage-1.63-3.el7.noarch
Apr 26 08:42:53 Installed: 4:perl-libs-5.16.3-294.el7_6.x86_64
Apr 26 08:42:53 Installed: perl-Socket-2.010-4.el7.x86_64
Apr 26 08:42:53 Installed: perl-Storable-2.45-3.el7.x86_64
Apr 26 08:42:53 Installed: 4:perl-Time-HiRes-1.9725-3.el7.x86_64
Apr 26 08:42:53 Installed: perl-threads-1.87-4.el7.x86_64
Apr 26 08:42:53 Installed: perl-Carp-1.26-244.el7.noarch
Apr 26 08:42:53 Installed: perl-Filter-1.49-3.el7.x86_64
Apr 26 08:42:53 Installed: perl-Exporter-5.68-3.el7.noarch
Apr 26 08:42:53 Installed: perl-constant-1.27-2.el7.noarch
Apr 26 08:42:53 Installed: perl-Time-Local-1.2300-2.el7.noarch
Apr 26 08:42:53 Installed: 4:perl-macros-5.16.3-294.el7_6.x86_64
Apr 26 08:42:53 Installed: perl-threads-shared-1.43-6.el7.x86_64
Apr 26 08:42:54 Installed: perl-File-Temp-0.23.01-3.el7.noarch
Apr 26 08:42:54 Installed: perl-File-Path-2.09-2.el7.noarch
Apr 26 08:42:54 Installed: perl-PathTools-3.40-5.el7.x86_64
Apr 26 08:42:54 Installed: perl-Scalar-List-Utils-1.27-248.el7.x86_64
Apr 26 08:42:54 Installed: 1:perl-Pod-Simple-3.28-4.el7.noarch
Apr 26 08:42:54 Installed: perl-Getopt-Long-2.40-3.el7.noarch
Apr 26 08:42:56 Installed: 4:perl-5.16.3-294.el7_6.x86_64
Apr 26 08:42:56 Installed: perl-Thread-Queue-3.02-2.el7.noarch
Apr 26 08:42:56 Installed: 1:perl-Error-0.17020-2.el7.noarch
Apr 26 08:42:56 Installed: perl-TermReadKey-2.30-20.el7.x86_64
Apr 26 08:42:57 Installed: perl-Git-1.8.3.1-20.el7.noarch
Apr 26 08:42:58 Installed: git-1.8.3.1-20.el7.x86_64
Apr 26 08:42:58 Installed: perl-Data-Dumper-2.145-3.el7.x86_64
Apr 26 08:42:59 Installed: autoconf-2.69-11.el7.noarch
Apr 26 08:42:59 Installed: perl-XML-Parser-2.41-10.el7.x86_64
Apr 26 08:42:59 Installed: perl-Test-Harness-3.28-3.el7.noarch
Apr 26 08:42:59 Installed: automake-1.13.4-3.el7.noarch
Apr 26 08:43:27 Installed: kernel-debug-devel-3.10.0-957.10.1.el7.x86_64
Apr 26 08:43:27 Installed: efivar-libs-36-11.el7_6.1.x86_64
Apr 26 08:43:27 Installed: mokutil-15-2.el7.centos.x86_64
Apr 26 08:43:27 Installed: 1:emacs-filesystem-24.3-22.el7.noarch
Apr 26 08:43:27 Installed: pakchois-0.4-10.el7.x86_64
Apr 26 08:43:27 Installed: dwz-0.11-3.el7.x86_64
Apr 26 08:43:29 Installed: kernel-headers-3.10.0-957.10.1.el7.x86_64
Apr 26 08:43:29 Installed: glibc-headers-2.17-260.el7_6.4.x86_64
Apr 26 08:43:29 Installed: glibc-devel-2.17-260.el7_6.4.x86_64
Apr 26 08:43:31 Installed: gcc-4.8.5-36.el7_6.1.x86_64
Apr 26 08:43:31 Installed: libquadmath-devel-4.8.5-36.el7_6.1.x86_64
Apr 26 08:43:32 Installed: systemtap-devel-3.3-3.el7.x86_64
Apr 26 08:43:32 Installed: perl-srpm-macros-1-8.el7.noarch
Apr 26 08:43:32 Installed: redhat-rpm-config-9.1.0-87.el7.centos.noarch
Apr 26 08:43:32 Installed: libmodman-2.0.1-8.el7.x86_64
Apr 26 08:43:32 Installed: libproxy-0.4.11-11.el7.x86_64
Apr 26 08:43:33 Installed: libstdc++-devel-4.8.5-36.el7_6.1.x86_64
Apr 26 08:43:34 Installed: trousers-0.3.14-2.el7.x86_64
Apr 26 08:43:34 Installed: elfutils-0.172-2.el7.x86_64
Apr 26 08:43:34 Installed: boost-date-time-1.53.0-27.el7.x86_64
Apr 26 08:43:34 Installed: gettext-common-devel-0.19.8.1-2.el7.noarch
Apr 26 08:43:34 Installed: gettext-devel-0.19.8.1-2.el7.x86_64
Apr 26 08:43:35 Installed: gdb-7.6.1-114.el7.x86_64
Apr 26 08:43:35 Installed: nettle-2.7.1-8.el7.x86_64
Apr 26 08:43:35 Installed: gnutls-3.3.29-9.el7_6.x86_64
Apr 26 08:43:35 Installed: neon-0.30.0-3.el7.x86_64
Apr 26 08:43:35 Installed: subversion-libs-1.7.14-14.el7.x86_64
Apr 26 08:43:35 Installed: libdwarf-20130207-4.el7.x86_64
Apr 26 08:43:36 Installed: dyninst-9.3.1-2.el7.x86_64
Apr 26 08:43:36 Installed: systemtap-runtime-3.3-3.el7.x86_64
Apr 26 08:43:38 Installed: systemtap-client-3.3-3.el7.x86_64
Apr 26 08:43:38 Installed: systemtap-3.3-3.el7.x86_64
Apr 26 08:43:38 Installed: subversion-1.7.14-14.el7.x86_64
Apr 26 08:43:38 Installed: rpm-build-4.11.3-35.el7.x86_64
Apr 26 08:43:38 Installed: intltool-0.50.2-7.el7.noarch
Apr 26 08:43:39 Installed: gcc-c++-4.8.5-36.el7_6.1.x86_64
Apr 26 08:43:40 Installed: gcc-gfortran-4.8.5-36.el7_6.1.x86_64
Apr 26 08:43:40 Installed: libtool-2.4.2-22.el7_3.x86_64
Apr 26 08:43:40 Installed: cscope-15.8-10.el7.x86_64
Apr 26 08:43:40 Installed: patchutils-0.3.3-4.el7.x86_64
Apr 26 08:43:40 Installed: flex-2.5.37-6.el7.x86_64
Apr 26 08:43:41 Installed: bison-3.0.4-2.el7.x86_64
Apr 26 08:43:41 Installed: indent-2.2.11-13.el7.x86_64
Apr 26 08:43:41 Installed: ctags-5.8-13.el7.x86_64
Apr 26 08:43:41 Installed: rpm-sign-4.11.3-35.el7.x86_64
Apr 26 08:43:41 Installed: byacc-1.9.20130304-3.el7.x86_64
Apr 26 08:43:41 Installed: rcs-5.9.0-5.el7.x86_64
Apr 26 08:43:41 Installed: diffstat-1.57-4.el7.x86_64
Apr 26 08:43:42 Installed: swig-2.0.10-5.el7.x86_64
Apr 26 08:43:43 Installed: 1:doxygen-1.8.5-3.el7.x86_64
Apr 26 08:44:37 Installed: ncurses-devel-5.9-14.20130511.el7_4.x86_64
Apr 26 08:47:57 Installed: zlib-devel-1.2.7-18.el7.x86_64
Apr 26 08:47:57 Installed: elfutils-libelf-devel-0.172-2.el7.x86_64
Apr 26 08:47:57 Installed: binutils-devel-2.27-34.base.el7.x86_64
Apr 26 08:47:57 Installed: hmaccalc-0.9.13-4.el7.x86_64
Apr 26 09:04:35 Installed: libcom_err-devel-1.42.9-13.el7.x86_64
Apr 26 09:04:35 Installed: libsepol-devel-2.5-10.el7.x86_64
Apr 26 09:04:35 Installed: pcre-devel-8.32-17.el7.x86_64
Apr 26 09:04:35 Installed: libselinux-devel-2.5-14.1.el7.x86_64
Apr 26 09:04:36 Installed: libkadm5-1.15.1-37.el7_6.x86_64
Apr 26 09:04:36 Installed: libverto-devel-0.2.5-4.el7.x86_64
Apr 26 09:04:36 Installed: keyutils-libs-devel-1.5.8-3.el7.x86_64
Apr 26 09:04:36 Installed: krb5-devel-1.15.1-37.el7_6.x86_64
Apr 26 09:04:37 Installed: 1:openssl-devel-1.0.2k-16.el7_6.1.x86_64
Apr 26 09:05:05 Installed: bc-1.06.95-13.el7.x86_64
Apr 26 15:07:13 Installed: nano-2.3.1-10.el7.x86_64
